# JRE version: 7.0_11-b21
# Java VM: Java HotSpot(TM) 64-Bit Server VM (23.6-b04 mixed mode windows-amd64 compressed oops)
Heap
 PSYoungGen      total 89152K, used 3567K [0x00000000fa000000, 0x0000000100000000, 0x0000000100000000)
  eden space 81408K, 4% used [0x00000000fa000000,0x00000000fa37bf08,0x00000000fef80000)
  from space 7744K, 0% used [0x00000000ff870000,0x00000000ff870000,0x0000000100000000)
  to   space 8448K, 0% used [0x00000000fef80000,0x00000000fef80000,0x00000000ff7c0000)
 ParOldGen       total 70720K, used 43028K [0x00000000e8000000, 0x00000000ec510000, 0x00000000fa000000)
  object space 70720K, 60% used [0x00000000e8000000,0x00000000eaa05008,0x00000000ec510000)
 PSPermGen       total 91072K, used 45319K [0x00000000e0000000, 0x00000000e58f0000, 0x00000000e8000000)
  object space 91072K, 49% used [0x00000000e0000000,0x00000000e2c41ee0,0x00000000e58f0000)
GC Heap History (10 events):
Event: 11.108 GC heap before
{Heap before GC invocations=17 (full 0):
 PSYoungGen      total 89344K, used 88858K [0x00000000fa000000, 0x0000000100000000, 0x0000000100000000)
  eden space 81920K, 100% used [0x00000000fa000000,0x00000000ff000000,0x00000000ff000000)
  from space 7424K, 93% used [0x00000000ff8c0000,0x00000000fff86b40,0x0000000100000000)
  to   space 8192K, 0% used [0x00000000ff000000,0x00000000ff000000,0x00000000ff800000)
 ParOldGen       total 49152K, used 27931K [0x00000000e8000000, 0x00000000eb000000, 0x00000000fa000000)
  object space 49152K, 56% used [0x00000000e8000000,0x00000000e9b46de0,0x00000000eb000000)
 PSPermGen       total 42368K, used 42187K [0x00000000e0000000, 0x00000000e2960000, 0x00000000e8000000)
  object space 42368K, 99% used [0x00000000e0000000,0x00000000e2932f90,0x00000000e2960000)
Event: 11.121 GC heap after
Heap after GC invocations=17 (full 0):
 PSYoungGen      total 90112K, used 4631K [0x00000000fa000000, 0x0000000100000000, 0x0000000100000000)
  eden space 81920K, 0% used [0x00000000fa000000,0x00000000fa000000,0x00000000ff000000)
  from space 8192K, 56% used [0x00000000ff000000,0x00000000ff485d78,0x00000000ff800000)
  to   space 8000K, 0% used [0x00000000ff830000,0x00000000ff830000,0x0000000100000000)
 ParOldGen       total 49152K, used 32566K [0x00000000e8000000, 0x00000000eb000000, 0x00000000fa000000)
  object space 49152K, 66% used [0x00000000e8000000,0x00000000e9fcdb60,0x00000000eb000000)
 PSPermGen       total 42368K, used 42187K [0x00000000e0000000, 0x00000000e2960000, 0x00000000e8000000)
  object space 42368K, 99% used [0x00000000e0000000,0x00000000e2932f90,0x00000000e2960000)
}
Event: 12.276 GC heap before
{Heap before GC invocations=18 (full 0):
 PSYoungGen      total 90112K, used 86551K [0x00000000fa000000, 0x0000000100000000, 0x0000000100000000)
  eden space 81920K, 100% used [0x00000000fa000000,0x00000000ff000000,0x00000000ff000000)
  from space 8192K, 56% used [0x00000000ff000000,0x00000000ff485d78,0x00000000ff800000)
  to   space 8000K, 0% used [0x00000000ff830000,0x00000000ff830000,0x0000000100000000)
 ParOldGen       total 49152K, used 32566K [0x00000000e8000000, 0x00000000eb000000, 0x00000000fa000000)
  object space 49152K, 66% used [0x00000000e8000000,0x00000000e9fcdb60,0x00000000eb000000)
 PSPermGen       total 43328K, used 43200K [0x00000000e0000000, 0x00000000e2a50000, 0x00000000e8000000)
  object space 43328K, 99% used [0x00000000e0000000,0x00000000e2a302d8,0x00000000e2a50000)
Event: 12.290 GC heap after
Heap after GC invocations=18 (full 0):
 PSYoungGen      total 89280K, used 3654K [0x00000000fa000000, 0x00000000fff30000, 0x0000000100000000)
  eden space 82112K, 0% used [0x00000000fa000000,0x00000000fa000000,0x00000000ff030000)
  from space 7168K, 50% used [0x00000000ff830000,0x00000000ffbc1af8,0x00000000fff30000)
  to   space 7680K, 0% used [0x00000000ff030000,0x00000000ff030000,0x00000000ff7b0000)
 ParOldGen       total 49152K, used 36124K [0x00000000e8000000, 0x00000000eb000000, 0x00000000fa000000)
  object space 49152K, 73% used [0x00000000e8000000,0x00000000ea347138,0x00000000eb000000)
 PSPermGen       total 43328K, used 43200K [0x00000000e0000000, 0x00000000e2a50000, 0x00000000e8000000)
  object space 43328K, 99% used [0x00000000e0000000,0x00000000e2a302d8,0x00000000e2a50000)
}
Event: 12.944 GC heap before
{Heap before GC invocations=19 (full 0):
 PSYoungGen      total 89280K, used 85766K [0x00000000fa000000, 0x00000000fff30000, 0x0000000100000000)
  eden space 82112K, 100% used [0x00000000fa000000,0x00000000ff030000,0x00000000ff030000)
  from space 7168K, 50% used [0x00000000ff830000,0x00000000ffbc1af8,0x00000000fff30000)
  to   space 7680K, 0% used [0x00000000ff030000,0x00000000ff030000,0x00000000ff7b0000)
 ParOldGen       total 49152K, used 36124K [0x00000000e8000000, 0x00000000eb000000, 0x00000000fa000000)
  object space 49152K, 73% used [0x00000000e8000000,0x00000000ea347138,0x00000000eb000000)
 PSPermGen       total 44096K, used 44054K [0x00000000e0000000, 0x00000000e2b10000, 0x00000000e8000000)
  object space 44096K, 99% used [0x00000000e0000000,0x00000000e2b05850,0x00000000e2b10000)
Event: 12.953 GC heap after
Heap after GC invocations=19 (full 0):
 PSYoungGen      total 89792K, used 5243K [0x00000000fa000000, 0x0000000100000000, 0x0000000100000000)
  eden space 82112K, 0% used [0x00000000fa000000,0x00000000fa000000,0x00000000ff030000)
  from space 7680K, 68% used [0x00000000ff030000,0x00000000ff54ee40,0x00000000ff7b0000)
  to   space 7744K, 0% used [0x00000000ff870000,0x00000000ff870000,0x0000000100000000)
 ParOldGen       total 49152K, used 38588K [0x00000000e8000000, 0x00000000eb000000, 0x00000000fa000000)
  object space 49152K, 78% used [0x00000000e8000000,0x00000000ea5af310,0x00000000eb000000)
 PSPermGen       total 44096K, used 44054K [0x00000000e0000000, 0x00000000e2b10000, 0x00000000e8000000)
  object space 44096K, 99% used [0x00000000e0000000,0x00000000e2b05850,0x00000000e2b10000)
}
Event: 13.624 GC heap before
{Heap before GC invocations=20 (full 0):
 PSYoungGen      total 89792K, used 87355K [0x00000000fa000000, 0x0000000100000000, 0x0000000100000000)
  eden space 82112K, 100% used [0x00000000fa000000,0x00000000ff030000,0x00000000ff030000)
  from space 7680K, 68% used [0x00000000ff030000,0x00000000ff54ee40,0x00000000ff7b0000)
  to   space 7744K, 0% used [0x00000000ff870000,0x00000000ff870000,0x0000000100000000)
 ParOldGen       total 49152K, used 38588K [0x00000000e8000000, 0x00000000eb000000, 0x00000000fa000000)
  object space 49152K, 78% used [0x00000000e8000000,0x00000000ea5af310,0x00000000eb000000)
 PSPermGen       total 45440K, used 45282K [0x00000000e0000000, 0x00000000e2c60000, 0x00000000e8000000)
  object space 45440K, 99% used [0x00000000e0000000,0x00000000e2c388a0,0x00000000e2c60000)
Event: 13.644 GC heap after
Heap after GC invocations=20 (full 0):
 PSYoungGen      total 89152K, used 7109K [0x00000000fa000000, 0x0000000100000000, 0x0000000100000000)
  eden space 81408K, 0% used [0x00000000fa000000,0x00000000fa000000,0x00000000fef80000)
  from space 7744K, 91% used [0x00000000ff870000,0x00000000fff61658,0x0000000100000000)
  to   space 8448K, 0% used [0x00000000fef80000,0x00000000fef80000,0x00000000ff7c0000)
 ParOldGen       total 49152K, used 48019K [0x00000000e8000000, 0x00000000eb000000, 0x00000000fa000000)
  object space 49152K, 97% used [0x00000000e8000000,0x00000000eaee4d18,0x00000000eb000000)
 PSPermGen       total 45440K, used 45282K [0x00000000e0000000, 0x00000000e2c60000, 0x00000000e8000000)
  object space 45440K, 99% used [0x00000000e0000000,0x00000000e2c388a0,0x00000000e2c60000)
}
Event: 13.644 GC heap before
{Heap before GC invocations=21 (full 1):
 PSYoungGen      total 89152K, used 7109K [0x00000000fa000000, 0x0000000100000000, 0x0000000100000000)
  eden space 81408K, 0% used [0x00000000fa000000,0x00000000fa000000,0x00000000fef80000)
  from space 7744K, 91% used [0x00000000ff870000,0x00000000fff61658,0x0000000100000000)
  to   space 8448K, 0% used [0x00000000fef80000,0x00000000fef80000,0x00000000ff7c0000)
 ParOldGen       total 49152K, used 48019K [0x00000000e8000000, 0x00000000eb000000, 0x00000000fa000000)
  object space 49152K, 97% used [0x00000000e8000000,0x00000000eaee4d18,0x00000000eb000000)
 PSPermGen       total 45440K, used 45282K [0x00000000e0000000, 0x00000000e2c60000, 0x00000000e8000000)
  object space 45440K, 99% used [0x00000000e0000000,0x00000000e2c388a0,0x00000000e2c60000)
Event: 13.987 GC heap after
Heap after GC invocations=21 (full 1):
 PSYoungGen      total 89152K, used 0K [0x00000000fa000000, 0x0000000100000000, 0x0000000100000000)
  eden space 81408K, 0% used [0x00000000fa000000,0x00000000fa000000,0x00000000fef80000)
  from space 7744K, 0% used [0x00000000ff870000,0x00000000ff870000,0x0000000100000000)
  to   space 8448K, 0% used [0x00000000fef80000,0x00000000fef80000,0x00000000ff7c0000)
 ParOldGen       total 70720K, used 43028K [0x00000000e8000000, 0x00000000ec510000, 0x00000000fa000000)
  object space 70720K, 60% used [0x00000000e8000000,0x00000000eaa05008,0x00000000ec510000)
 PSPermGen       total 91072K, used 45263K [0x00000000e0000000, 0x00000000e58f0000, 0x00000000e8000000)
  object space 91072K, 49% used [0x00000000e0000000,0x00000000e2c33d08,0x00000000e58f0000)
}

